[15:59:40.232][INFO] 
╔════════════════════════════════════════╗
║  ===== FoxEngine Initialization =====  ║
║  Engine Version: 1.15.16               ║
║  Operating System: windows             ║
║  Available Processors: 20              ║
║  System Load Average: -1,00            ║
║  Log Level: INFO                       ║
╚════════════════════════════════════════╝
      
      _____                    _____                _____          
     /\    \                  /\    \              /\    \         
    /::\    \                /::\    \            /::\    \        
    \:::\    \              /::::\    \           \:::\    \       
     \:::\    \            /::::::\    \           \:::\    \      
      \:::\    \          /:::/\:::\    \           \:::\    \     
       \:::\    \        /:::/__\:::\    \           \:::\    \    
       /::::\    \      /::::\   \:::\    \          /::::\    \   
      /::::::\    \    /::::::\   \:::\    \        /::::::\    \  
     /:::/\:::\    \  /:::/\:::\   \:::\    \      /:::/\:::\    \ 
    /:::/  \:::\____\/:::/__\:::\   \:::\____\    /:::/  \:::\____\
   /:::/    \::/    /\:::\   \:::\   \::/    /   /:::/    \::/    /
  /:::/    / \/____/  \:::\   \:::\   \/____/   /:::/    / \/____/ 
 /:::/    /            \:::\   \:::\    \      /:::/    /          
/:::/    /              \:::\   \:::\____\    /:::/    /           
\::/    /                \:::\   \::/    /    \::/    /            
 \/____/                  \:::\   \/____/      \/____/             
                           \:::\    \                              
                            \:::\____\                             
                             \::/    /                             
                              \/____/               
— TestApp-1.0.0
[15:59:40.239][INFO] Log level set to INFO
[15:59:40.326][INFO] Initializing ExecutorService with pool size: 10
[15:59:40.326][WARN] executor-config.properties not found, using default settings.
[15:59:40.326][INFO] Creating default ExecutorService with pool size: 10
[15:59:40.448][INFO]forge-0 Sounds loaded successfully
[15:59:40.636][INFO] FrameConstructor: initialization started
[15:59:40.636][INFO] FrameConstructor: building AppFrame from 'assets/frames/frame.json'
[15:59:40.755][INFO] FrameConstructor: frame is visible (title='ЛисийМир', size=850x500)
[15:59:40.755][INFO] FrameConstructor: frame successfully built from 'assets/frames/frame.json'
[15:59:40.755][INFO] FrameConstructor: initialization completed
[15:59:40.758][INFO]forge-1 Initializing StyleProvider with path: assets/styles/
[15:59:40.769][INFO]forge-1 Registering json adapter...
[15:59:40.769][INFO]forge-1 Registering json5 adapter...
[15:59:40.769][INFO]forge-1 Registered adapters: [json5, json]
[15:59:40.782][INFO]forge-1     - Registered component: label
[15:59:40.783][INFO]forge-1     - Registered component: progressBar
[15:59:40.783][INFO]forge-1     - Registered component: button
[15:59:40.784][INFO]forge-1     - Registered component: textArea
[15:59:40.784][INFO]forge-1     - Registered component: checkBox
[15:59:40.784][INFO]forge-1     - Registered component: textField
[15:59:40.784][INFO]forge-1     - Registered component: spriteImage
[15:59:40.785][INFO]forge-1     - Registered component: passField
[15:59:40.785][INFO]forge-1     - Registered component: spinner
[15:59:40.785][INFO]forge-1     - Registered component: multiButton
[15:59:40.786][INFO]forge-1     - Registered component: dropBox
[15:59:40.786][INFO]forge-1     - Registered component: slider
[15:59:40.786][INFO]forge-1     - Registered component: compositeSlider
[15:59:40.787][INFO]forge-1     - Registered component: fileSelector
[15:59:40.787][INFO]forge-1     - Registered component: compositeComponent
[15:59:40.792][INFO]forge-1 ActionHandler created with mainFrame panel and listens [class org.foxesworld.engine.gui.components.multiButton.MultiButton, class org.foxesworld.engine.gui.components.button.Button]
[15:59:40.886][INFO] FrameConstructor: frame focus gained
[15:59:40.886][INFO] FrameConstructor: frame focus gained
[15:59:40.892][INFO] Created font - mcfontBold
[15:59:40.984][INFO] Created font - mcfont
